This file contains any messages produced by compilers while
running configure, to aid debugging if configure makes a mistake.

It was created by configure, which was
generated by GNU Autoconf 2.53.  Invocation command line was

  $ ./configure --no-create --no-recursion

## --------- ##
## Platform. ##
## --------- ##

hostname = g5.csg.is.titech.ac.jp
uname -m = Power Macintosh
uname -r = 7.5.0
uname -s = Darwin
uname -v = Darwin Kernel Version 7.5.0: Thu Aug  5 19:26:16 PDT 2004; root:xnu/xnu-517.7.21.obj~3/RELEASE_PPC 

/usr/bin/uname -p = powerpc
/bin/uname -X     = unknown

/bin/arch              = unknown
/usr/bin/arch -k       = unknown
/usr/convex/getsysinfo = unknown
hostinfo               = Mach kernel version:
	 Darwin Kernel Version 7.5.0:
Thu Aug  5 19:26:16 PDT 2004; root:xnu/xnu-517.7.21.obj~3/RELEASE_PPC


Kernel configured for up to 2 processors.
2 processors are physically available.
Processor type: ppc970 (PowerPC 970)
Processors active: 0 1
Primary memory available: 1024.00 megabytes.
Default processor set: 98 tasks, 302 threads, 2 processors
Load average: 0.84, Mach factor: 1.34
unknown
/bin/machine           = unknown
/usr/bin/oslevel       = unknown
/bin/universe          = unknown

PATH: /sw/bin
PATH: /sw/sbin
PATH: /Users/kourai/bin
PATH: /usr/local/bin
PATH: /Applications/OpenOffice.org_1.1.2/program
PATH: /bin
PATH: /sbin
PATH: /usr/bin
PATH: /usr/sbin
PATH: /usr/local/java/apache-ant/bin
PATH: /usr/local/java/jakarta-tomcat/bin
PATH: /usr/X11R6/bin


## ----------- ##
## Core tests. ##
## ----------- ##

configure:1270: checking for a BSD-compatible install
configure:1324: result: /usr/bin/install -c
configure:1335: checking whether build environment is sane
configure:1378: result: yes
configure:1393: checking whether make sets ${MAKE}
configure:1413: result: yes
configure:1445: checking for working aclocal
configure:1452: result: found
configure:1460: checking for working autoconf
configure:1467: result: found
configure:1475: checking for working automake
configure:1482: result: found
configure:1490: checking for working autoheader
configure:1497: result: found
configure:1505: checking for working makeinfo
configure:1512: result: found
configure:1526: checking whether to enable maintainer-specific portions of Makefiles
configure:1535: result: no
configure:1702: checking for gcc
configure:1718: found /usr/bin/gcc
configure:1728: result: gcc
configure:1972: checking for C compiler version
configure:1975: gcc --version </dev/null >&5
gcc (GCC) 3.3 20030304 (Apple Computer, Inc. build 1640)
Copyright (C) 2002 Free Software Foundation, Inc.
This is free software; see the source for copying conditions.  There is NO
warranty; not even for MERCHANTABILITY or FITNESS FOR A PARTICULAR PURPOSE.

configure:1978: $? = 0
configure:1980: gcc -v </dev/null >&5
Reading specs from /usr/libexec/gcc/darwin/ppc/3.3/specs
Thread model: posix
gcc version 3.3 20030304 (Apple Computer, Inc. build 1640)
configure:1983: $? = 0
configure:1985: gcc -V </dev/null >&5
gcc: `-V' option must have argument
configure:1988: $? = 1
configure:2014: checking for C compiler default output
configure:2017: gcc    conftest.c  >&5
configure:2020: $? = 0
configure:2053: result: a.out
configure:2058: checking whether the C compiler works
configure:2064: ./a.out
configure:2067: $? = 0
configure:2082: result: yes
configure:2089: checking whether we are cross compiling
configure:2091: result: no
configure:2094: checking for suffix of executables
configure:2096: gcc -o conftest    conftest.c  >&5
configure:2099: $? = 0
configure:2121: result: 
configure:2127: checking for suffix of object files
configure:2151: gcc -c   conftest.c >&5
configure:2154: $? = 0
configure:2173: result: o
configure:2177: checking whether we are using the GNU C compiler
configure:2204: gcc -c   conftest.c >&5
configure:2207: $? = 0
configure:2210: test -s conftest.o
configure:2213: $? = 0
configure:2225: result: yes
configure:2231: checking whether gcc accepts -g
configure:2255: gcc -c -g  conftest.c >&5
configure:2258: $? = 0
configure:2261: test -s conftest.o
configure:2264: $? = 0
configure:2274: result: yes
configure:2301: gcc -c -g -O2  conftest.c >&5
conftest.c:2: error: parse error before "me"
configure:2304: $? = 1
configure: failed program was:
#ifndef __cplusplus
  choke me
#endif
configure:2419: checking how to run the C preprocessor
configure:2445: gcc -E  conftest.c
configure:2451: $? = 0
configure:2478: gcc -E  conftest.c
configure:2474:28: ac_nonexistent.h: No such file or directory
configure:2484: $? = 1
configure: failed program was:
#line 2473 "configure"
#include "confdefs.h"
#include <ac_nonexistent.h>
configure:2521: result: gcc -E
configure:2536: gcc -E  conftest.c
configure:2542: $? = 0
configure:2569: gcc -E  conftest.c
configure:2565:28: ac_nonexistent.h: No such file or directory
configure:2575: $? = 1
configure: failed program was:
#line 2564 "configure"
#include "confdefs.h"
#include <ac_nonexistent.h>
configure:2666: checking for g++
configure:2682: found /usr/bin/g++
configure:2692: result: g++
configure:2708: checking for C++ compiler version
configure:2711: g++ --version </dev/null >&5
g++ (GCC) 3.3 20030304 (Apple Computer, Inc. build 1640)
Copyright (C) 2002 Free Software Foundation, Inc.
This is free software; see the source for copying conditions.  There is NO
warranty; not even for MERCHANTABILITY or FITNESS FOR A PARTICULAR PURPOSE.

configure:2714: $? = 0
configure:2716: g++ -v </dev/null >&5
Reading specs from /usr/libexec/gcc/darwin/ppc/3.3/specs
Thread model: posix
gcc version 3.3 20030304 (Apple Computer, Inc. build 1640)
configure:2719: $? = 0
configure:2721: g++ -V </dev/null >&5
g++: `-V' option must have argument
configure:2724: $? = 1
configure:2727: checking whether we are using the GNU C++ compiler
configure:2754: g++ -c   conftest.cc >&5
configure:2757: $? = 0
configure:2760: test -s conftest.o
configure:2763: $? = 0
configure:2775: result: yes
configure:2781: checking whether g++ accepts -g
configure:2805: g++ -c -g  conftest.cc >&5
configure:2808: $? = 0
configure:2811: test -s conftest.o
configure:2814: $? = 0
configure:2824: result: yes
configure:2870: g++ -c -g -O2  conftest.cc >&5
configure:2873: $? = 0
configure:2876: test -s conftest.o
configure:2879: $? = 0
configure:2907: g++ -c -g -O2  conftest.cc >&5
configure: In function `int main()':
configure:2899: error: `exit' undeclared (first use this function)
configure:2899: error: (Each undeclared identifier is reported only once for 
   each function it appears in.)
configure:2910: $? = 1
configure: failed program was:
#line 2888 "configure"
#include "confdefs.h"

#ifdef F77_DUMMY_MAIN
#  ifdef __cplusplus
     extern "C"
#  endif
   int F77_DUMMY_MAIN() { return 1; }
#endif
int
main ()
{
exit (42);
  ;
  return 0;
}
configure:2870: g++ -c -g -O2  conftest.cc >&5
configure:2873: $? = 0
configure:2876: test -s conftest.o
configure:2879: $? = 0
configure:2907: g++ -c -g -O2  conftest.cc >&5
configure:2910: $? = 0
configure:2913: test -s conftest.o
configure:2916: $? = 0
configure:2979: checking for ranlib
configure:2995: found /usr/bin/ranlib
configure:3006: result: ranlib
configure:3022: checking for bison
configure:3038: found /usr/bin/bison
configure:3048: result: bison -y
configure:3065: checking for flex
configure:3081: found /usr/bin/flex
configure:3091: result: flex
configure:3106: checking for flex
configure:3132: result: flex
configure:3145: checking for yywrap in -lfl
configure:3178: gcc -o conftest -g -O2   conftest.c -lfl   >&5
configure:3181: $? = 0
configure:3184: test -s conftest
configure:3187: $? = 0
configure:3198: result: yes
configure:3267: checking lex output file root
configure:3278: flex conftest.l
configure:3281: $? = 0
configure:3293: result: lex.yy
configure:3298: checking whether yytext is a pointer
configure:3314: gcc -o conftest -g -O2   conftest.c  -lfl >&5
configure:3317: $? = 0
configure:3320: test -s conftest
configure:3323: $? = 0
configure:3335: result: yes
configure:3359: checking for a BSD-compatible install
configure:3413: result: /usr/bin/install -c
configure:3424: checking whether ln -s works
configure:3428: result: yes
configure:3435: checking whether make sets ${MAKE}
configure:3455: result: yes
configure:3468: checking for rm
configure:3486: found /bin/rm
configure:3498: result: /bin/rm
configure:3507: checking for X
configure:3723: result: libraries /usr/X11R6/lib, headers /usr/X11R6/include
configure:3880: gcc -o conftest -g -O2   conftest.c   -L/usr/X11R6/lib -lX11 >&5
configure:3883: $? = 0
configure:3886: test -s conftest
configure:3889: $? = 0
configure:4027: checking for gethostbyname
configure:4070: gcc -o conftest -g -O2   conftest.c  >&5
configure:4073: $? = 0
configure:4076: test -s conftest
configure:4079: $? = 0
configure:4089: result: yes
configure:4222: checking for connect
configure:4265: gcc -o conftest -g -O2   conftest.c  >&5
configure:4268: $? = 0
configure:4271: test -s conftest
configure:4274: $? = 0
configure:4284: result: yes
configure:4350: checking for remove
configure:4393: gcc -o conftest -g -O2   conftest.c  >&5
configure:4396: $? = 0
configure:4399: test -s conftest
configure:4402: $? = 0
configure:4412: result: yes
configure:4478: checking for shmat
configure:4521: gcc -o conftest -g -O2   conftest.c  >&5
configure:4524: $? = 0
configure:4527: test -s conftest
configure:4530: $? = 0
configure:4540: result: yes
configure:4615: checking for IceConnectionNumber in -lICE
configure:4648: gcc -o conftest -g -O2   -L/usr/X11R6/lib conftest.c -lICE   >&5
configure:4651: $? = 0
configure:4654: test -s conftest
configure:4657: $? = 0
configure:4668: result: yes
configure:4681: checking for XOpenDisplay in -lX11
configure:4714: gcc -o conftest -g -O2  -I/usr/X11R6/include    conftest.c -lX11  -lSM -lICE  -L/usr/X11R6/lib   >&5
configure:4717: $? = 0
configure:4720: test -s conftest
configure:4723: $? = 0
configure:4734: result: yes
configure:4745: checking for XShapeCombineMask in -lXext
configure:4778: gcc -o conftest -g -O2  -I/usr/X11R6/include    conftest.c -lXext  -lSM -lICE -lX11  -L/usr/X11R6/lib   >&5
configure:4781: $? = 0
configure:4784: test -s conftest
configure:4787: $? = 0
configure:4798: result: yes
configure:4812: checking for SmcOpenConnection in -lSM
configure:4845: gcc -o conftest -g -O2  -I/usr/X11R6/include    conftest.c -lSM  -lSM -lICE -lXext -lX11  -L/usr/X11R6/lib   >&5
configure:4848: $? = 0
configure:4851: test -s conftest
configure:4854: $? = 0
configure:4865: result: yes
configure:4928: checking for imlib-config
configure:4959: result: no
configure:4967: checking for IMLIB - version >= 1.8.2
configure:5086: result: no
configure:5163: WARNING: "Imlib not used"
configure:5177: checking for XpmReadFileToPixmap in -lXpm
configure:5210: gcc -o conftest -g -O2  -I/usr/X11R6/include    conftest.c -lXpm  -lSM -lICE -lXext -lX11  -L/usr/X11R6/lib   >&5
configure:5213: $? = 0
configure:5216: test -s conftest
configure:5219: $? = 0
configure:5230: result: yes
configure:5247: checking for XScreenSaverQueryExtension in -lXss
configure:5280: gcc -o conftest -g -O2  -I/usr/X11R6/include    conftest.c -lXss  -lSM -lICE -lXpm -lXext -lX11  -L/usr/X11R6/lib   >&5
configure:5283: $? = 0
configure:5286: test -s conftest
configure:5289: $? = 0
configure:5300: result: yes
configure:5665: checking for snd_cards in -lasound
configure:5698: gcc -o conftest -g -O2  -I/usr/X11R6/include    conftest.c -lasound   -lSM -lICE -lXss -lXpm -lXext -lX11  -L/usr/X11R6/lib   >&5
ld: can't locate file for: -lasound
configure:5701: $? = 1
configure: failed program was:
#line 5672 "configure"
#include "confdefs.h"

/* Override any gcc2 internal prototype to avoid an error.  */
#ifdef __cplusplus
extern "C"
#endif
/* We use char because int might match the return type of a gcc2
   builtin and then its argument prototype would still apply.  */
char snd_cards ();
#ifdef F77_DUMMY_MAIN
#  ifdef __cplusplus
     extern "C"
#  endif
   int F77_DUMMY_MAIN() { return 1; }
#endif
int
main ()
{
snd_cards ();
  ;
  return 0;
}
configure:5718: result: no
configure:5727: WARNING: "ALSA not used"
configure:5773: checking for esd-config
configure:5804: result: no
configure:5812: checking for ESD - version >= 0.2.6
configure:5930: result: no
configure:6001: WARNING: "Esd not used"
configure:6010: checking for _Xsetlocale in -lX11
configure:6043: gcc -o conftest -g -O2  -I/usr/X11R6/include    conftest.c -lX11   -lSM -lICE -lXss -lXpm -lXext -lX11  -L/usr/X11R6/lib   >&5
configure:6046: $? = 0
configure:6049: test -s conftest
configure:6052: $? = 0
configure:6063: result: yes
configure:6072: checking for setlocale in -lxpg4
configure:6105: gcc -o conftest -g -O2  -I/usr/X11R6/include    conftest.c -lxpg4   -lSM -lICE -lXss -lXpm -lXext -lX11  -L/usr/X11R6/lib   >&5
ld: can't locate file for: -lxpg4
configure:6108: $? = 1
configure: failed program was:
#line 6079 "configure"
#include "confdefs.h"

/* Override any gcc2 internal prototype to avoid an error.  */
#ifdef __cplusplus
extern "C"
#endif
/* We use char because int might match the return type of a gcc2
   builtin and then its argument prototype would still apply.  */
char setlocale ();
#ifdef F77_DUMMY_MAIN
#  ifdef __cplusplus
     extern "C"
#  endif
   int F77_DUMMY_MAIN() { return 1; }
#endif
int
main ()
{
setlocale ();
  ;
  return 0;
}
configure:6125: result: no
configure:6132: checking for ANSI C header files
configure:6146: gcc -E  conftest.c
configure:6152: $? = 0
configure:6237: gcc -o conftest -g -O2  -I/usr/X11R6/include    conftest.c  -lSM -lICE -lXss -lXpm -lXext -lX11  -L/usr/X11R6/lib   >&5
configure:6240: $? = 0
configure:6242: ./conftest
configure:6245: $? = 0
configure:6259: result: yes
configure:6283: checking for sys/types.h
configure:6296: gcc -c -g -O2  -I/usr/X11R6/include   conftest.c >&5
configure:6299: $? = 0
configure:6302: test -s conftest.o
configure:6305: $? = 0
configure:6315: result: yes
configure:6283: checking for sys/stat.h
configure:6296: gcc -c -g -O2  -I/usr/X11R6/include   conftest.c >&5
configure:6299: $? = 0
configure:6302: test -s conftest.o
configure:6305: $? = 0
configure:6315: result: yes
configure:6283: checking for stdlib.h
configure:6296: gcc -c -g -O2  -I/usr/X11R6/include   conftest.c >&5
configure:6299: $? = 0
configure:6302: test -s conftest.o
configure:6305: $? = 0
configure:6315: result: yes
configure:6283: checking for string.h
configure:6296: gcc -c -g -O2  -I/usr/X11R6/include   conftest.c >&5
configure:6299: $? = 0
configure:6302: test -s conftest.o
configure:6305: $? = 0
configure:6315: result: yes
configure:6283: checking for memory.h
configure:6296: gcc -c -g -O2  -I/usr/X11R6/include   conftest.c >&5
configure:6299: $? = 0
configure:6302: test -s conftest.o
configure:6305: $? = 0
configure:6315: result: yes
configure:6283: checking for strings.h
configure:6296: gcc -c -g -O2  -I/usr/X11R6/include   conftest.c >&5
configure:6299: $? = 0
configure:6302: test -s conftest.o
configure:6305: $? = 0
configure:6315: result: yes
configure:6283: checking for inttypes.h
configure:6296: gcc -c -g -O2  -I/usr/X11R6/include   conftest.c >&5
configure:6299: $? = 0
configure:6302: test -s conftest.o
configure:6305: $? = 0
configure:6315: result: yes
configure:6283: checking for stdint.h
configure:6296: gcc -c -g -O2  -I/usr/X11R6/include   conftest.c >&5
configure:6299: $? = 0
configure:6302: test -s conftest.o
configure:6305: $? = 0
configure:6315: result: yes
configure:6283: checking for unistd.h
configure:6296: gcc -c -g -O2  -I/usr/X11R6/include   conftest.c >&5
configure:6299: $? = 0
configure:6302: test -s conftest.o
configure:6305: $? = 0
configure:6315: result: yes
configure:6327: checking for pid_t
configure:6354: gcc -c -g -O2  -I/usr/X11R6/include   conftest.c >&5
configure:6357: $? = 0
configure:6360: test -s conftest.o
configure:6363: $? = 0
configure:6373: result: yes
configure:6385: checking for size_t
configure:6412: gcc -c -g -O2  -I/usr/X11R6/include   conftest.c >&5
configure:6415: $? = 0
configure:6418: test -s conftest.o
configure:6421: $? = 0
configure:6431: result: yes
configure:6446: checking if gcc version is >= 2.95
configure:6477: g++ -o conftest -g -O2  -I/usr/X11R6/include    conftest.cc  -lSM -lICE -lXss -lXpm -lXext -lX11  -L/usr/X11R6/lib   >&5
configure:6480: $? = 0
configure:6482: ./conftest
configure:6485: $? = 0
configure:6504: result: yes
configure:6518: checking for unistd.h
configure:6523: result: yes
configure:6527: checking vfork.h usability
configure:6536: gcc -c -g -O2  -I/usr/X11R6/include  -fpermissive  conftest.c >&5
cc1: warning: "-fpermissive" is valid for C++ but not for C/ObjC
configure:6564:19: vfork.h: No such file or directory
configure:6539: $? = 1
configure: failed program was:
#line 6529 "configure"
#include "confdefs.h"
#include <stdio.h>
#if HAVE_SYS_TYPES_H
# include <sys/types.h>
#endif
#if HAVE_SYS_STAT_H
# include <sys/stat.h>
#endif
#if STDC_HEADERS
# include <stdlib.h>
# include <stddef.h>
#else
# if HAVE_STDLIB_H
#  include <stdlib.h>
# endif
#endif
#if HAVE_STRING_H
# if !STDC_HEADERS && HAVE_MEMORY_H
#  include <memory.h>
# endif
# include <string.h>
#endif
#if HAVE_STRINGS_H
# include <strings.h>
#endif
#if HAVE_INTTYPES_H
# include <inttypes.h>
#else
# if HAVE_STDINT_H
#  include <stdint.h>
# endif
#endif
#if HAVE_UNISTD_H
# include <unistd.h>
#endif
#include <vfork.h>
configure:6554: result: no
configure:6558: checking vfork.h presence
configure:6565: gcc -E  conftest.c
configure:6561:19: vfork.h: No such file or directory
configure:6571: $? = 1
configure: failed program was:
#line 6560 "configure"
#include "confdefs.h"
#include <vfork.h>
configure:6589: result: no
configure:6607: checking for vfork.h
configure:6614: result: no
configure:6632: checking for fork
configure:6675: gcc -o conftest -g -O2  -I/usr/X11R6/include  -fpermissive   conftest.c  -lSM -lICE -lXss -lXpm -lXext -lX11  -L/usr/X11R6/lib   >&5
cc1: warning: "-fpermissive" is valid for C++ but not for C/ObjC
configure:6678: $? = 0
configure:6681: test -s conftest
configure:6684: $? = 0
configure:6694: result: yes
configure:6632: checking for vfork
configure:6675: gcc -o conftest -g -O2  -I/usr/X11R6/include  -fpermissive   conftest.c  -lSM -lICE -lXss -lXpm -lXext -lX11  -L/usr/X11R6/lib   >&5
cc1: warning: "-fpermissive" is valid for C++ but not for C/ObjC
configure:6678: $? = 0
configure:6681: test -s conftest
configure:6684: $? = 0
configure:6694: result: yes
configure:6706: checking for working fork
configure:6750: result: yes
configure:6769: checking for working vfork
configure:6896: result: yes
configure:6931: checking for vprintf
configure:6974: gcc -o conftest -g -O2  -I/usr/X11R6/include  -fpermissive   conftest.c  -lSM -lICE -lXss -lXpm -lXext -lX11  -L/usr/X11R6/lib   >&5
cc1: warning: "-fpermissive" is valid for C++ but not for C/ObjC
configure:6946: warning: conflicting types for built-in function `vprintf'
configure:6977: $? = 0
configure:6980: test -s conftest
configure:6983: $? = 0
configure:6993: result: yes
configure:7000: checking for _doprnt
configure:7043: gcc -o conftest -g -O2  -I/usr/X11R6/include  -fpermissive   conftest.c  -lSM -lICE -lXss -lXpm -lXext -lX11  -L/usr/X11R6/lib   >&5
cc1: warning: "-fpermissive" is valid for C++ but not for C/ObjC
ld: Undefined symbols:
__doprnt
configure:7046: $? = 1
configure: failed program was:
#line 7005 "configure"
#include "confdefs.h"
/* System header to define __stub macros and hopefully few prototypes,
    which can conflict with char _doprnt (); below.  */
#include <assert.h>
/* Override any gcc2 internal prototype to avoid an error.  */
#ifdef __cplusplus
extern "C"
#endif
/* We use char because int might match the return type of a gcc2
   builtin and then its argument prototype would still apply.  */
char _doprnt ();
char (*f) ();

#ifdef F77_DUMMY_MAIN
#  ifdef __cplusplus
     extern "C"
#  endif
   int F77_DUMMY_MAIN() { return 1; }
#endif
int
main ()
{
/* The GNU C library defines this for functions which it implements
    to always fail with ENOSYS.  Some functions are actually named
    something starting with __ and the normal name is an alias.  */
#if defined (__stub__doprnt) || defined (__stub____doprnt)
choke me
#else
f = _doprnt;
#endif

  ;
  return 0;
}
configure:7062: result: no
configure:7080: checking for usleep
configure:7123: gcc -o conftest -g -O2  -I/usr/X11R6/include  -fpermissive   conftest.c  -lSM -lICE -lXss -lXpm -lXext -lX11  -L/usr/X11R6/lib   >&5
cc1: warning: "-fpermissive" is valid for C++ but not for C/ObjC
configure:7126: $? = 0
configure:7129: test -s conftest
configure:7132: $? = 0
configure:7142: result: yes
configure:7282: creating ./config.status

## ---------------- ##
## Cache variables. ##
## ---------------- ##

ac_cv_c_compiler_gnu=yes
ac_cv_cxx_compiler_gnu=yes
ac_cv_env_CC_set=
ac_cv_env_CC_value=
ac_cv_env_CFLAGS_set=
ac_cv_env_CFLAGS_value=
ac_cv_env_CPPFLAGS_set=
ac_cv_env_CPPFLAGS_value=
ac_cv_env_CPP_set=
ac_cv_env_CPP_value=
ac_cv_env_CXXFLAGS_set=
ac_cv_env_CXXFLAGS_value=
ac_cv_env_CXX_set=
ac_cv_env_CXX_value=
ac_cv_env_LDFLAGS_set=
ac_cv_env_LDFLAGS_value=
ac_cv_env_build_alias_set=
ac_cv_env_build_alias_value=
ac_cv_env_host_alias_set=
ac_cv_env_host_alias_value=
ac_cv_env_target_alias_set=
ac_cv_env_target_alias_value=
ac_cv_exeext=
ac_cv_func__doprnt=no
ac_cv_func_connect=yes
ac_cv_func_fork=yes
ac_cv_func_fork_works=yes
ac_cv_func_gethostbyname=yes
ac_cv_func_remove=yes
ac_cv_func_shmat=yes
ac_cv_func_usleep=yes
ac_cv_func_vfork=yes
ac_cv_func_vfork_works=yes
ac_cv_func_vprintf=yes
ac_cv_have_x='have_x=yes 		ac_x_includes=/usr/X11R6/include ac_x_libraries=/usr/X11R6/lib'
ac_cv_header_inttypes_h=yes
ac_cv_header_memory_h=yes
ac_cv_header_stdc=yes
ac_cv_header_stdint_h=yes
ac_cv_header_stdlib_h=yes
ac_cv_header_string_h=yes
ac_cv_header_strings_h=yes
ac_cv_header_sys_stat_h=yes
ac_cv_header_sys_types_h=yes
ac_cv_header_unistd_h=yes
ac_cv_header_vfork_h=no
ac_cv_lib_ICE_IceConnectionNumber=yes
ac_cv_lib_SM_SmcOpenConnection=yes
ac_cv_lib_X11_XOpenDisplay=yes
ac_cv_lib_X11__Xsetlocale=yes
ac_cv_lib_Xext_XShapeCombineMask=yes
ac_cv_lib_Xpm_XpmReadFileToPixmap=yes
ac_cv_lib_Xss_XScreenSaverQueryExtension=yes
ac_cv_lib_asound_snd_cards=no
ac_cv_lib_fl_yywrap=yes
ac_cv_lib_xpg4_setlocale=no
ac_cv_objext=o
ac_cv_path_ESD_CONFIG=no
ac_cv_path_IMLIB_CONFIG=no
ac_cv_path_PATH_RM=/bin/rm
ac_cv_path_install='/usr/bin/install -c'
ac_cv_prog_CPP='gcc -E'
ac_cv_prog_LEX=flex
ac_cv_prog_YACC='bison -y'
ac_cv_prog_ac_ct_CC=gcc
ac_cv_prog_ac_ct_CXX=g++
ac_cv_prog_ac_ct_RANLIB=ranlib
ac_cv_prog_cc_g=yes
ac_cv_prog_cxx_g=yes
ac_cv_prog_lex_root=lex.yy
ac_cv_prog_lex_yytext_pointer=yes
ac_cv_prog_make_make_set=yes
ac_cv_type_pid_t=yes
ac_cv_type_size_t=yes
qvwm_cv_gcc_fpermissive=yes

## ----------- ##
## confdefs.h. ##
## ----------- ##

#define PACKAGE_NAME ""
#define PACKAGE_TARNAME ""
#define PACKAGE_VERSION ""
#define PACKAGE_STRING ""
#define PACKAGE_BUGREPORT ""
#define PACKAGE "qvwm"
#define VERSION "1.2.0-pre"
#define ALLOW_RMTCMD 1
#ifdef __cplusplus
#include <stdlib.h>
#endif
#define YYTEXT_POINTER 1
#define USE_SHAPE 1
#define USE_XSMP 1
#define USE_SS 1
#define USE_SSEXT 1
#define X_LOCALE 1
#define STDC_HEADERS 1
#define HAVE_SYS_TYPES_H 1
#define HAVE_SYS_STAT_H 1
#define HAVE_STDLIB_H 1
#define HAVE_STRING_H 1
#define HAVE_MEMORY_H 1
#define HAVE_STRINGS_H 1
#define HAVE_INTTYPES_H 1
#define HAVE_STDINT_H 1
#define HAVE_UNISTD_H 1
#define HAVE_UNISTD_H 1
#define HAVE_FORK 1
#define HAVE_VFORK 1
#define HAVE_WORKING_VFORK 1
#define HAVE_WORKING_FORK 1
#define HAVE_VPRINTF 1
#define HAVE_USLEEP 1

configure: exit 0

## ---------------------- ##
## Running config.status. ##
## ---------------------- ##

This file was extended by config.status, which was
generated by GNU Autoconf 2.53.  Invocation command line was

  CONFIG_FILES    = Makefile
  CONFIG_HEADERS  = 
  CONFIG_LINKS    = 
  CONFIG_COMMANDS = 
  $ ./config.status 

on g5.csg.is.titech.ac.jp

config.status:645: creating Makefile
config.status:932: linking ./man/ to man/qvwm.1x
config.status:1072: executing default-1 commands

## ---------------------- ##
## Running config.status. ##
## ---------------------- ##

This file was extended by config.status, which was
generated by GNU Autoconf 2.53.  Invocation command line was

  CONFIG_FILES    = 
  CONFIG_HEADERS  = config.h
  CONFIG_LINKS    = 
  CONFIG_COMMANDS = 
  $ ./config.status 

on g5.csg.is.titech.ac.jp

config.status:749: creating config.h
config.status:932: linking ./man/ to man/qvwm.1x
config.status:1072: executing default-1 commands

## ---------------------- ##
## Running config.status. ##
## ---------------------- ##

This file was extended by config.status, which was
generated by GNU Autoconf 2.53.  Invocation command line was

  CONFIG_FILES    = src/Makefile
  CONFIG_HEADERS  = 
  CONFIG_LINKS    = 
  CONFIG_COMMANDS = 
  $ ./config.status 

on g5.csg.is.titech.ac.jp

config.status:645: creating src/Makefile
config.status:932: linking ./man/ to man/qvwm.1x
config.status:1072: executing default-1 commands

## ---------------------- ##
## Running config.status. ##
## ---------------------- ##

This file was extended by config.status, which was
generated by GNU Autoconf 2.53.  Invocation command line was

  CONFIG_FILES    = src/desktop/Makefile
  CONFIG_HEADERS  = 
  CONFIG_LINKS    = 
  CONFIG_COMMANDS = 
  $ ./config.status 

on g5.csg.is.titech.ac.jp

config.status:645: creating src/desktop/Makefile
config.status:932: linking ./man/ to man/qvwm.1x
config.status:1072: executing default-1 commands

## ---------------------- ##
## Running config.status. ##
## ---------------------- ##

This file was extended by config.status, which was
generated by GNU Autoconf 2.53.  Invocation command line was

  CONFIG_FILES    = src/dialog/Makefile
  CONFIG_HEADERS  = 
  CONFIG_LINKS    = 
  CONFIG_COMMANDS = 
  $ ./config.status 

on g5.csg.is.titech.ac.jp

config.status:645: creating src/dialog/Makefile
config.status:932: linking ./man/ to man/qvwm.1x
config.status:1072: executing default-1 commands

## ---------------------- ##
## Running config.status. ##
## ---------------------- ##

This file was extended by config.status, which was
generated by GNU Autoconf 2.53.  Invocation command line was

  CONFIG_FILES    = src/frame/Makefile
  CONFIG_HEADERS  = 
  CONFIG_LINKS    = 
  CONFIG_COMMANDS = 
  $ ./config.status 

on g5.csg.is.titech.ac.jp

config.status:645: creating src/frame/Makefile
config.status:932: linking ./man/ to man/qvwm.1x
config.status:1072: executing default-1 commands

## ---------------------- ##
## Running config.status. ##
## ---------------------- ##

This file was extended by config.status, which was
generated by GNU Autoconf 2.53.  Invocation command line was

  CONFIG_FILES    = src/image/Makefile
  CONFIG_HEADERS  = 
  CONFIG_LINKS    = 
  CONFIG_COMMANDS = 
  $ ./config.status 

on g5.csg.is.titech.ac.jp

config.status:645: creating src/image/Makefile
config.status:932: linking ./man/ to man/qvwm.1x
config.status:1072: executing default-1 commands

## ---------------------- ##
## Running config.status. ##
## ---------------------- ##

This file was extended by config.status, which was
generated by GNU Autoconf 2.53.  Invocation command line was

  CONFIG_FILES    = src/lib/Makefile
  CONFIG_HEADERS  = 
  CONFIG_LINKS    = 
  CONFIG_COMMANDS = 
  $ ./config.status 

on g5.csg.is.titech.ac.jp

config.status:645: creating src/lib/Makefile
config.status:932: linking ./man/ to man/qvwm.1x
config.status:1072: executing default-1 commands

## ---------------------- ##
## Running config.status. ##
## ---------------------- ##

This file was extended by config.status, which was
generated by GNU Autoconf 2.53.  Invocation command line was

  CONFIG_FILES    = src/pager/Makefile
  CONFIG_HEADERS  = 
  CONFIG_LINKS    = 
  CONFIG_COMMANDS = 
  $ ./config.status 

on g5.csg.is.titech.ac.jp

config.status:645: creating src/pager/Makefile
config.status:932: linking ./man/ to man/qvwm.1x
config.status:1072: executing default-1 commands

## ---------------------- ##
## Running config.status. ##
## ---------------------- ##

This file was extended by config.status, which was
generated by GNU Autoconf 2.53.  Invocation command line was

  CONFIG_FILES    = src/parser/Makefile
  CONFIG_HEADERS  = 
  CONFIG_LINKS    = 
  CONFIG_COMMANDS = 
  $ ./config.status 

on g5.csg.is.titech.ac.jp

config.status:645: creating src/parser/Makefile
config.status:932: linking ./man/ to man/qvwm.1x
config.status:1072: executing default-1 commands

## ---------------------- ##
## Running config.status. ##
## ---------------------- ##

This file was extended by config.status, which was
generated by GNU Autoconf 2.53.  Invocation command line was

  CONFIG_FILES    = src/sound/Makefile
  CONFIG_HEADERS  = 
  CONFIG_LINKS    = 
  CONFIG_COMMANDS = 
  $ ./config.status 

on g5.csg.is.titech.ac.jp

config.status:645: creating src/sound/Makefile
config.status:932: linking ./man/ to man/qvwm.1x
config.status:1072: executing default-1 commands

## ---------------------- ##
## Running config.status. ##
## ---------------------- ##

This file was extended by config.status, which was
generated by GNU Autoconf 2.53.  Invocation command line was

  CONFIG_FILES    = src/taskbar/Makefile
  CONFIG_HEADERS  = 
  CONFIG_LINKS    = 
  CONFIG_COMMANDS = 
  $ ./config.status 

on g5.csg.is.titech.ac.jp

config.status:645: creating src/taskbar/Makefile
config.status:932: linking ./man/ to man/qvwm.1x
config.status:1072: executing default-1 commands

## ---------------------- ##
## Running config.status. ##
## ---------------------- ##

This file was extended by config.status, which was
generated by GNU Autoconf 2.53.  Invocation command line was

  CONFIG_FILES    = src/taskbar/start/Makefile
  CONFIG_HEADERS  = 
  CONFIG_LINKS    = 
  CONFIG_COMMANDS = 
  $ ./config.status 

on g5.csg.is.titech.ac.jp

config.status:645: creating src/taskbar/start/Makefile
config.status:932: linking ./man/ to man/qvwm.1x
config.status:1072: executing default-1 commands

## ---------------------- ##
## Running config.status. ##
## ---------------------- ##

This file was extended by config.status, which was
generated by GNU Autoconf 2.53.  Invocation command line was

  CONFIG_FILES    = src/taskbar/tray/Makefile
  CONFIG_HEADERS  = 
  CONFIG_LINKS    = 
  CONFIG_COMMANDS = 
  $ ./config.status 

on g5.csg.is.titech.ac.jp

config.status:645: creating src/taskbar/tray/Makefile
config.status:932: linking ./man/ to man/qvwm.1x
config.status:1072: executing default-1 commands

## ---------------------- ##
## Running config.status. ##
## ---------------------- ##

This file was extended by config.status, which was
generated by GNU Autoconf 2.53.  Invocation command line was

  CONFIG_FILES    = src/taskbar/shortcut/Makefile
  CONFIG_HEADERS  = 
  CONFIG_LINKS    = 
  CONFIG_COMMANDS = 
  $ ./config.status 

on g5.csg.is.titech.ac.jp

config.status:645: creating src/taskbar/shortcut/Makefile
config.status:932: linking ./man/ to man/qvwm.1x
config.status:1072: executing default-1 commands

## ---------------------- ##
## Running config.status. ##
## ---------------------- ##

This file was extended by config.status, which was
generated by GNU Autoconf 2.53.  Invocation command line was

  CONFIG_FILES    = src/window/Makefile
  CONFIG_HEADERS  = 
  CONFIG_LINKS    = 
  CONFIG_COMMANDS = 
  $ ./config.status 

on g5.csg.is.titech.ac.jp

config.status:645: creating src/window/Makefile
config.status:932: linking ./man/ to man/qvwm.1x
config.status:1072: executing default-1 commands

## ---------------------- ##
## Running config.status. ##
## ---------------------- ##

This file was extended by config.status, which was
generated by GNU Autoconf 2.53.  Invocation command line was

  CONFIG_FILES    = src/wm/Makefile
  CONFIG_HEADERS  = 
  CONFIG_LINKS    = 
  CONFIG_COMMANDS = 
  $ ./config.status 

on g5.csg.is.titech.ac.jp

config.status:645: creating src/wm/Makefile
config.status:932: linking ./man/ to man/qvwm.1x
config.status:1072: executing default-1 commands

## ---------------------- ##
## Running config.status. ##
## ---------------------- ##

This file was extended by config.status, which was
generated by GNU Autoconf 2.53.  Invocation command line was

  CONFIG_FILES    = src/bitmaps/Makefile
  CONFIG_HEADERS  = 
  CONFIG_LINKS    = 
  CONFIG_COMMANDS = 
  $ ./config.status 

on g5.csg.is.titech.ac.jp

config.status:645: creating src/bitmaps/Makefile
config.status:932: linking ./man/ to man/qvwm.1x
config.status:1072: executing default-1 commands

## ---------------------- ##
## Running config.status. ##
## ---------------------- ##

This file was extended by config.status, which was
generated by GNU Autoconf 2.53.  Invocation command line was

  CONFIG_FILES    = images/Makefile
  CONFIG_HEADERS  = 
  CONFIG_LINKS    = 
  CONFIG_COMMANDS = 
  $ ./config.status 

on g5.csg.is.titech.ac.jp

config.status:645: creating images/Makefile
config.status:932: linking ./man/ to man/qvwm.1x
config.status:1072: executing default-1 commands

## ---------------------- ##
## Running config.status. ##
## ---------------------- ##

This file was extended by config.status, which was
generated by GNU Autoconf 2.53.  Invocation command line was

  CONFIG_FILES    = sounds/Makefile
  CONFIG_HEADERS  = 
  CONFIG_LINKS    = 
  CONFIG_COMMANDS = 
  $ ./config.status 

on g5.csg.is.titech.ac.jp

config.status:645: creating sounds/Makefile
config.status:932: linking ./man/ to man/qvwm.1x
config.status:1072: executing default-1 commands

## ---------------------- ##
## Running config.status. ##
## ---------------------- ##

This file was extended by config.status, which was
generated by GNU Autoconf 2.53.  Invocation command line was

  CONFIG_FILES    = doc/Makefile
  CONFIG_HEADERS  = 
  CONFIG_LINKS    = 
  CONFIG_COMMANDS = 
  $ ./config.status 

on g5.csg.is.titech.ac.jp

config.status:645: creating doc/Makefile
config.status:932: linking ./man/ to man/qvwm.1x
config.status:1072: executing default-1 commands

## ---------------------- ##
## Running config.status. ##
## ---------------------- ##

This file was extended by config.status, which was
generated by GNU Autoconf 2.53.  Invocation command line was

  CONFIG_FILES    = man/Makefile
  CONFIG_HEADERS  = 
  CONFIG_LINKS    = 
  CONFIG_COMMANDS = 
  $ ./config.status 

on g5.csg.is.titech.ac.jp

config.status:645: creating man/Makefile
config.status:932: linking ./man/ to man/qvwm.1x
config.status:1072: executing default-1 commands

## ---------------------- ##
## Running config.status. ##
## ---------------------- ##

This file was extended by config.status, which was
generated by GNU Autoconf 2.53.  Invocation command line was

  CONFIG_FILES    = rc/Makefile
  CONFIG_HEADERS  = 
  CONFIG_LINKS    = 
  CONFIG_COMMANDS = 
  $ ./config.status 

on g5.csg.is.titech.ac.jp

config.status:645: creating rc/Makefile
config.status:932: linking ./man/ to man/qvwm.1x
config.status:1072: executing default-1 commands

## ---------------------- ##
## Running config.status. ##
## ---------------------- ##

This file was extended by config.status, which was
generated by GNU Autoconf 2.53.  Invocation command line was

  CONFIG_FILES    = rc/system.qvwmrc
  CONFIG_HEADERS  = 
  CONFIG_LINKS    = 
  CONFIG_COMMANDS = 
  $ ./config.status 

on g5.csg.is.titech.ac.jp

config.status:645: creating rc/system.qvwmrc
config.status:932: linking ./man/ to man/qvwm.1x
config.status:1072: executing default-1 commands

## ---------------------- ##
## Running config.status. ##
## ---------------------- ##

This file was extended by config.status, which was
generated by GNU Autoconf 2.53.  Invocation command line was

  CONFIG_FILES    = rc/kanji.qvwmrc
  CONFIG_HEADERS  = 
  CONFIG_LINKS    = 
  CONFIG_COMMANDS = 
  $ ./config.status 

on g5.csg.is.titech.ac.jp

config.status:645: creating rc/kanji.qvwmrc
config.status:932: linking ./man/ to man/qvwm.1x
config.status:1072: executing default-1 commands

## ---------------------- ##
## Running config.status. ##
## ---------------------- ##

This file was extended by config.status, which was
generated by GNU Autoconf 2.53.  Invocation command line was

  CONFIG_FILES    = rc/french.qvwmrc
  CONFIG_HEADERS  = 
  CONFIG_LINKS    = 
  CONFIG_COMMANDS = 
  $ ./config.status 

on g5.csg.is.titech.ac.jp

config.status:645: creating rc/french.qvwmrc
config.status:932: linking ./man/ to man/qvwm.1x
config.status:1072: executing default-1 commands

## ---------------------- ##
## Running config.status. ##
## ---------------------- ##

This file was extended by config.status, which was
generated by GNU Autoconf 2.53.  Invocation command line was

  CONFIG_FILES    = rc/korean.qvwmrc
  CONFIG_HEADERS  = 
  CONFIG_LINKS    = 
  CONFIG_COMMANDS = 
  $ ./config.status 

on g5.csg.is.titech.ac.jp

config.status:645: creating rc/korean.qvwmrc
config.status:932: linking ./man/ to man/qvwm.1x
config.status:1072: executing default-1 commands

## ---------------------- ##
## Running config.status. ##
## ---------------------- ##

This file was extended by config.status, which was
generated by GNU Autoconf 2.53.  Invocation command line was

  CONFIG_FILES    = rc/light.qvwmrc
  CONFIG_HEADERS  = 
  CONFIG_LINKS    = 
  CONFIG_COMMANDS = 
  $ ./config.status 

on g5.csg.is.titech.ac.jp

config.status:645: creating rc/light.qvwmrc
config.status:932: linking ./man/ to man/qvwm.1x
config.status:1072: executing default-1 commands
